[debug] [2022-04-20T09:51:24.458Z] ----------------------------------------------------------------------
[debug] [2022-04-20T09:51:24.460Z] Command:       /home/vivek/.nvm/versions/node/v12.8.1/bin/node /usr/local/bin/firebase init
[debug] [2022-04-20T09:51:24.460Z] CLI Version:   10.2.2
[debug] [2022-04-20T09:51:24.461Z] Platform:      linux
[debug] [2022-04-20T09:51:24.461Z] Node Version:  v12.8.1
[debug] [2022-04-20T09:51:24.461Z] Time:          Wed Apr 20 2022 15:21:24 GMT+0530 (India Standard Time)
[debug] [2022-04-20T09:51:24.461Z] ----------------------------------------------------------------------
[debug] 
[debug] [2022-04-20T09:51:24.466Z] > command requires scopes: ["email","openid","https://www.googleapis.com/auth/cloudplatformprojects.readonly","https://www.googleapis.com/auth/firebase","https://www.googleapis.com/auth/cloud-platform"]
[debug] [2022-04-20T09:51:24.466Z] > authorizing via signed-in user (vivek.gondaliya899@gmail.com)
[info] 
     ######## #### ########  ######## ########     ###     ######  ########
     ##        ##  ##     ## ##       ##     ##  ##   ##  ##       ##
     ######    ##  ########  ######   ########  #########  ######  ######
     ##        ##  ##    ##  ##       ##     ## ##     ##       ## ##
     ##       #### ##     ## ######## ########  ##     ##  ######  ########

You're about to initialize a Firebase project in this directory:

  /home/vivek/Workspace/router/router-app/router-main

[info] 
=== Project Setup
[info] 
[info] First, let's associate this project directory with a Firebase project.
[info] You can create multiple project aliases by running firebase use --add, 
[info] but for now we'll just set up a default project.
[info] 
[debug] [2022-04-20T09:51:43.628Z] >>> [apiv2][query] GET https://firebase.googleapis.com/v1beta1/projects pageSize=100
[debug] [2022-04-20T09:51:44.510Z] <<< [apiv2][status] GET https://firebase.googleapis.com/v1beta1/projects 200
[debug] [2022-04-20T09:51:44.511Z] <<< [apiv2][body] GET https://firebase.googleapis.com/v1beta1/projects [omitted]
[debug] [2022-04-20T09:52:00.567Z] ----------------------------------------------------------------------
[debug] [2022-04-20T09:52:00.569Z] Command:       /home/vivek/.nvm/versions/node/v12.8.1/bin/node /usr/local/bin/firebase init
[debug] [2022-04-20T09:52:00.569Z] CLI Version:   10.2.2
[debug] [2022-04-20T09:52:00.569Z] Platform:      linux
[debug] [2022-04-20T09:52:00.569Z] Node Version:  v12.8.1
[debug] [2022-04-20T09:52:00.570Z] Time:          Wed Apr 20 2022 15:22:00 GMT+0530 (India Standard Time)
[debug] [2022-04-20T09:52:00.570Z] ----------------------------------------------------------------------
[debug] 
[debug] [2022-04-20T09:52:00.575Z] > command requires scopes: ["email","openid","https://www.googleapis.com/auth/cloudplatformprojects.readonly","https://www.googleapis.com/auth/firebase","https://www.googleapis.com/auth/cloud-platform"]
[debug] [2022-04-20T09:52:00.575Z] > authorizing via signed-in user (vivek.gondaliya899@gmail.com)
[info] 
     ######## #### ########  ######## ########     ###     ######  ########
     ##        ##  ##     ## ##       ##     ##  ##   ##  ##       ##
     ######    ##  ########  ######   ########  #########  ######  ######
     ##        ##  ##    ##  ##       ##     ## ##     ##       ## ##
     ##       #### ##     ## ######## ########  ##     ##  ######  ########

You're about to initialize a Firebase project in this directory:

  /home/vivek/Workspace/router/router-app/router-main

[info] 
=== Project Setup
[info] 
[info] First, let's associate this project directory with a Firebase project.
[info] You can create multiple project aliases by running firebase use --add, 
[info] but for now we'll just set up a default project.
[info] 
[info] i  If you want to create a project in a Google Cloud organization or folder, please use "firebase projects:create" instead, and return to this command when you've created the project. 
[debug] [2022-04-20T09:52:29.105Z] > refreshing access token with scopes: ["email","https://www.googleapis.com/auth/cloud-platform","https://www.googleapis.com/auth/cloudplatformprojects.readonly","https://www.googleapis.com/auth/firebase","openid"]
[debug] [2022-04-20T09:52:29.107Z] >>> HTTP REQUEST POST https://www.googleapis.com/oauth2/v3/token  
 <request body omitted>
[debug] [2022-04-20T09:52:29.356Z] <<< HTTP RESPONSE 200 {"expires":"Mon, 01 Jan 1990 00:00:00 GMT","cache-control":"no-cache, no-store, max-age=0, must-revalidate","pragma":"no-cache","date":"Wed, 20 Apr 2022 09:52:29 GMT","content-type":"application/json; charset=utf-8","vary":"X-Origin, Referer, Origin,Accept-Encoding","server":"scaffolding on HTTPServer2","x-xss-protection":"0","x-frame-options":"SAMEORIGIN","x-content-type-options":"nosniff","alt-svc":"h3=\":443\"; ma=2592000,h3-29=\":443\"; ma=2592000,h3-Q050=\":443\"; ma=2592000,h3-Q046=\":443\"; ma=2592000,h3-Q043=\":443\"; ma=2592000,quic=\":443\"; ma=2592000; v=\"46,43\"","accept-ranges":"none","transfer-encoding":"chunked"}
[debug] [2022-04-20T09:52:29.375Z] >>> HTTP REQUEST POST https://cloudresourcemanager.googleapis.com/v1/projects  
 {"projectId":"vivek898","name":"vivek898"}
[debug] [2022-04-20T09:52:31.401Z] <<< HTTP RESPONSE 200 {"content-type":"application/json; charset=UTF-8","vary":"X-Origin, Referer, Origin,Accept-Encoding","date":"Wed, 20 Apr 2022 09:52:31 GMT","server":"ESF","cache-control":"private","x-xss-protection":"0","x-frame-options":"SAMEORIGIN","x-content-type-options":"nosniff","server-timing":"gfet4t7; dur=1631","alt-svc":"h3=\":443\"; ma=2592000,h3-29=\":443\"; ma=2592000,h3-Q050=\":443\"; ma=2592000,h3-Q046=\":443\"; ma=2592000,h3-Q043=\":443\"; ma=2592000,quic=\":443\"; ma=2592000; v=\"46,43\"","accept-ranges":"none","transfer-encoding":"chunked"}
[debug] [2022-04-20T09:52:31.409Z] > refreshing access token with scopes: []
[debug] [2022-04-20T09:52:31.409Z] >>> HTTP REQUEST POST https://www.googleapis.com/oauth2/v3/token  
 <request body omitted>
[debug] [2022-04-20T09:52:31.606Z] <<< HTTP RESPONSE 200 {"pragma":"no-cache","cache-control":"no-cache, no-store, max-age=0, must-revalidate","date":"Wed, 20 Apr 2022 09:52:31 GMT","expires":"Mon, 01 Jan 1990 00:00:00 GMT","content-type":"application/json; charset=utf-8","vary":"X-Origin, Referer, Origin,Accept-Encoding","server":"scaffolding on HTTPServer2","x-xss-protection":"0","x-frame-options":"SAMEORIGIN","x-content-type-options":"nosniff","alt-svc":"h3=\":443\"; ma=2592000,h3-29=\":443\"; ma=2592000,h3-Q050=\":443\"; ma=2592000,h3-Q046=\":443\"; ma=2592000,h3-Q043=\":443\"; ma=2592000,quic=\":443\"; ma=2592000; v=\"46,43\"","accept-ranges":"none","transfer-encoding":"chunked"}
[debug] [2022-04-20T09:52:31.622Z] >>> [apiv2][query] GET https://cloudresourcemanager.googleapis.com/v1/operations/cp.7814630238018871869 [none]
[debug] [2022-04-20T09:52:33.368Z] <<< [apiv2][status] GET https://cloudresourcemanager.googleapis.com/v1/operations/cp.7814630238018871869 200
[debug] [2022-04-20T09:52:33.368Z] <<< [apiv2][body] GET https://cloudresourcemanager.googleapis.com/v1/operations/cp.7814630238018871869 {"name":"operations/cp.7814630238018871869","metadata":{"@type":"type.googleapis.com/google.cloudresourcemanager.v1.ProjectCreationStatus","gettable":true}}
[debug] [2022-04-20T09:52:33.870Z] [Project Creation Poller] Retrying task index 0
[debug] [2022-04-20T09:52:33.871Z] >>> [apiv2][query] GET https://cloudresourcemanager.googleapis.com/v1/operations/cp.7814630238018871869 [none]
[debug] [2022-04-20T09:52:35.791Z] <<< [apiv2][status] GET https://cloudresourcemanager.googleapis.com/v1/operations/cp.7814630238018871869 200
[debug] [2022-04-20T09:52:35.791Z] <<< [apiv2][body] GET https://cloudresourcemanager.googleapis.com/v1/operations/cp.7814630238018871869 {"name":"operations/cp.7814630238018871869","metadata":{"@type":"type.googleapis.com/google.cloudresourcemanager.v1.ProjectCreationStatus","gettable":true,"ready":true},"done":true,"response":{"@type":"type.googleapis.com/google.cloudresourcemanager.v1.Project","projectNumber":"859213886315","projectId":"vivek898","lifecycleState":"ACTIVE","name":"vivek898","createTime":"2022-04-20T09:52:31.096Z"}}
[debug] [2022-04-20T09:52:35.793Z] > refreshing access token with scopes: ["email","https://www.googleapis.com/auth/cloud-platform","https://www.googleapis.com/auth/cloudplatformprojects.readonly","https://www.googleapis.com/auth/firebase","openid"]
[debug] [2022-04-20T09:52:35.793Z] >>> HTTP REQUEST POST https://www.googleapis.com/oauth2/v3/token  
 <request body omitted>
[debug] [2022-04-20T09:52:35.985Z] <<< HTTP RESPONSE 200 {"expires":"Mon, 01 Jan 1990 00:00:00 GMT","date":"Wed, 20 Apr 2022 09:52:35 GMT","pragma":"no-cache","cache-control":"no-cache, no-store, max-age=0, must-revalidate","content-type":"application/json; charset=utf-8","vary":"X-Origin, Referer, Origin,Accept-Encoding","server":"scaffolding on HTTPServer2","x-xss-protection":"0","x-frame-options":"SAMEORIGIN","x-content-type-options":"nosniff","alt-svc":"h3=\":443\"; ma=2592000,h3-29=\":443\"; ma=2592000,h3-Q050=\":443\"; ma=2592000,h3-Q046=\":443\"; ma=2592000,h3-Q043=\":443\"; ma=2592000,quic=\":443\"; ma=2592000; v=\"46,43\"","accept-ranges":"none","transfer-encoding":"chunked"}
[debug] [2022-04-20T09:52:35.996Z] >>> HTTP REQUEST POST https://firebase.googleapis.com/v1beta1/projects/vivek898:addFirebase  
 
[debug] [2022-04-20T09:52:39.058Z] <<< HTTP RESPONSE 200 {"content-type":"application/json; charset=UTF-8","vary":"X-Origin, Referer, Origin,Accept-Encoding","date":"Wed, 20 Apr 2022 09:52:38 GMT","server":"ESF","cache-control":"private","x-xss-protection":"0","x-frame-options":"SAMEORIGIN","x-content-type-options":"nosniff","alt-svc":"h3=\":443\"; ma=2592000,h3-29=\":443\"; ma=2592000,h3-Q050=\":443\"; ma=2592000,h3-Q046=\":443\"; ma=2592000,h3-Q043=\":443\"; ma=2592000,quic=\":443\"; ma=2592000; v=\"46,43\"","accept-ranges":"none","transfer-encoding":"chunked"}
[debug] [2022-04-20T09:52:39.060Z] > refreshing access token with scopes: []
[debug] [2022-04-20T09:52:39.060Z] >>> HTTP REQUEST POST https://www.googleapis.com/oauth2/v3/token  
 <request body omitted>
[debug] [2022-04-20T09:52:39.315Z] <<< HTTP RESPONSE 200 {"cache-control":"no-cache, no-store, max-age=0, must-revalidate","expires":"Mon, 01 Jan 1990 00:00:00 GMT","pragma":"no-cache","date":"Wed, 20 Apr 2022 09:52:39 GMT","content-type":"application/json; charset=utf-8","vary":"X-Origin, Referer, Origin,Accept-Encoding","server":"scaffolding on HTTPServer2","x-xss-protection":"0","x-frame-options":"SAMEORIGIN","x-content-type-options":"nosniff","alt-svc":"h3=\":443\"; ma=2592000,h3-29=\":443\"; ma=2592000,h3-Q050=\":443\"; ma=2592000,h3-Q046=\":443\"; ma=2592000,h3-Q043=\":443\"; ma=2592000,quic=\":443\"; ma=2592000; v=\"46,43\"","accept-ranges":"none","transfer-encoding":"chunked"}
[debug] [2022-04-20T09:52:39.327Z] >>> [apiv2][query] GET https://firebase.googleapis.com/v1beta1/operations/workflows/MjRkMTU5Y2YtMWJmYy00MWFmLWE5NmUtZGE3Mzc0MDM5MDZl [none]
[debug] [2022-04-20T09:52:40.538Z] <<< [apiv2][status] GET https://firebase.googleapis.com/v1beta1/operations/workflows/MjRkMTU5Y2YtMWJmYy00MWFmLWE5NmUtZGE3Mzc0MDM5MDZl 200
[debug] [2022-04-20T09:52:40.539Z] <<< [apiv2][body] GET https://firebase.googleapis.com/v1beta1/operations/workflows/MjRkMTU5Y2YtMWJmYy00MWFmLWE5NmUtZGE3Mzc0MDM5MDZl {"name":"operations/workflows/MjRkMTU5Y2YtMWJmYy00MWFmLWE5NmUtZGE3Mzc0MDM5MDZl"}
[debug] [2022-04-20T09:52:41.040Z] [Add Firebase Poller] Retrying task index 0
[debug] [2022-04-20T09:52:41.041Z] >>> [apiv2][query] GET https://firebase.googleapis.com/v1beta1/operations/workflows/MjRkMTU5Y2YtMWJmYy00MWFmLWE5NmUtZGE3Mzc0MDM5MDZl [none]
[debug] [2022-04-20T09:52:42.269Z] <<< [apiv2][status] GET https://firebase.googleapis.com/v1beta1/operations/workflows/MjRkMTU5Y2YtMWJmYy00MWFmLWE5NmUtZGE3Mzc0MDM5MDZl 200
[debug] [2022-04-20T09:52:42.269Z] <<< [apiv2][body] GET https://firebase.googleapis.com/v1beta1/operations/workflows/MjRkMTU5Y2YtMWJmYy00MWFmLWE5NmUtZGE3Mzc0MDM5MDZl {"name":"operations/workflows/MjRkMTU5Y2YtMWJmYy00MWFmLWE5NmUtZGE3Mzc0MDM5MDZl"}
[debug] [2022-04-20T09:52:43.270Z] [Add Firebase Poller] Retrying task index 0
[debug] [2022-04-20T09:52:43.271Z] >>> [apiv2][query] GET https://firebase.googleapis.com/v1beta1/operations/workflows/MjRkMTU5Y2YtMWJmYy00MWFmLWE5NmUtZGE3Mzc0MDM5MDZl [none]
[debug] [2022-04-20T09:52:44.340Z] <<< [apiv2][status] GET https://firebase.googleapis.com/v1beta1/operations/workflows/MjRkMTU5Y2YtMWJmYy00MWFmLWE5NmUtZGE3Mzc0MDM5MDZl 200
[debug] [2022-04-20T09:52:44.341Z] <<< [apiv2][body] GET https://firebase.googleapis.com/v1beta1/operations/workflows/MjRkMTU5Y2YtMWJmYy00MWFmLWE5NmUtZGE3Mzc0MDM5MDZl {"name":"operations/workflows/MjRkMTU5Y2YtMWJmYy00MWFmLWE5NmUtZGE3Mzc0MDM5MDZl"}
[debug] [2022-04-20T09:52:46.341Z] [Add Firebase Poller] Retrying task index 0
[debug] [2022-04-20T09:52:46.342Z] >>> [apiv2][query] GET https://firebase.googleapis.com/v1beta1/operations/workflows/MjRkMTU5Y2YtMWJmYy00MWFmLWE5NmUtZGE3Mzc0MDM5MDZl [none]
[debug] [2022-04-20T09:52:47.190Z] <<< [apiv2][status] GET https://firebase.googleapis.com/v1beta1/operations/workflows/MjRkMTU5Y2YtMWJmYy00MWFmLWE5NmUtZGE3Mzc0MDM5MDZl 200
[debug] [2022-04-20T09:52:47.190Z] <<< [apiv2][body] GET https://firebase.googleapis.com/v1beta1/operations/workflows/MjRkMTU5Y2YtMWJmYy00MWFmLWE5NmUtZGE3Mzc0MDM5MDZl {"name":"operations/workflows/MjRkMTU5Y2YtMWJmYy00MWFmLWE5NmUtZGE3Mzc0MDM5MDZl","done":true,"response":{"@type":"type.googleapis.com/google.firebase.service.v1beta1.FirebaseProject","projectId":"vivek898","projectNumber":"859213886315","displayName":"vivek898","name":"projects/vivek898","resources":{"hostingSite":"vivek898"}}}
[info] 
[info] 🎉🎉🎉 Your Firebase project is ready! 🎉🎉🎉
[info] 
[info] Project information:
[info]    - Project ID: vivek898
[info]    - Project Name: vivek898
[info] 
[info] Firebase console is available at
[info] https://console.firebase.google.com/project/vivek898/overview
[info] i  Using project vivek898 (vivek898) 
[info] 
=== Hosting Setup
[info] 
[info] Your public directory is the folder (relative to your project directory) that
[info] will contain Hosting assets to be uploaded with firebase deploy. If you
[info] have a build process for your assets, use your build's output directory.
[info] 
[info] ✔  Wrote build/404.html 
[debug] [2022-04-20T09:53:12.209Z] >>> [apiv2][query] GET https://www.gstatic.com/firebasejs/releases.json [none]
[debug] [2022-04-20T09:53:12.350Z] <<< [apiv2][status] GET https://www.gstatic.com/firebasejs/releases.json 200
[debug] [2022-04-20T09:53:12.351Z] <<< [apiv2][body] GET https://www.gstatic.com/firebasejs/releases.json {"current":{"version":"9.6.11","browserURL":"https://www.gstatic.com/firebasejs/9.6.11/firebase.js","packageURL":"https://www.gstatic.com/firebasejs/9.6.11/firebase.tgz"},"live":{"version":"9.6","browserURL":"https://www.gstatic.com/firebasejs/live/9.6/firebase.js","packageURL":"https://www.gstatic.com/firebasejs/live/9.6/firebase.tgz"},"components":{"analytics":"https://www.gstatic.com/firebasejs/9.6.11/firebase-analytics.js","app":"https://www.gstatic.com/firebasejs/9.6.11/firebase-app.js","app-check":"https://www.gstatic.com/firebasejs/9.6.11/firebase-app-check.js","auth":"https://www.gstatic.com/firebasejs/9.6.11/firebase-auth.js","auth/cordova":"https://www.gstatic.com/firebasejs/9.6.11/firebase-auth/cordova.js","auth/react-native":"https://www.gstatic.com/firebasejs/9.6.11/firebase-auth/react-native.js","functions":"https://www.gstatic.com/firebasejs/9.6.11/firebase-functions.js","firestore":"https://www.gstatic.com/firebasejs/9.6.11/firebase-firestore.js","firestore/lite":"https://www.gstatic.com/firebasejs/9.6.11/firebase-firestore/lite.js","storage":"https://www.gstatic.com/firebasejs/9.6.11/firebase-storage.js","performance":"https://www.gstatic.com/firebasejs/9.6.11/firebase-performance.js","remote-config":"https://www.gstatic.com/firebasejs/9.6.11/firebase-remote-config.js","messaging":"https://www.gstatic.com/firebasejs/9.6.11/firebase-messaging.js","messaging/sw":"https://www.gstatic.com/firebasejs/9.6.11/firebase-messaging/sw.js","database":"https://www.gstatic.com/firebasejs/9.6.11/firebase-database.js","firestore.memory":"https://www.gstatic.com/firebasejs/9.6.11/firebase-firestore.memory.js"}}
[info] ✔  Wrote build/index.html 
[info] 
[info] i  Detected a .git folder at /home/vivek/Workspace/router/router-app/router-main 
[info] i  Authorizing with GitHub to upload your service account to a GitHub repository's secrets store. 
[info] 
[info] Visit this URL on this device to log in:
[info] https://github.com/login/oauth/authorize?client_id=89cf50f02ac6aaed3484&state=280251757&redirect_uri=http%3A%2F%2Flocalhost%3A9006&scope=read%3Auser%20repo%20public_repo
[info] 
[info] Waiting for authentication...
[debug] [2022-04-20T16:27:27.663Z] TypeError: Cannot read property 'setRawMode' of null
    at ReadStream.setRawMode (tty.js:71:28)
    at Interface._setRawMode (readline.js:277:16)
    at Interface.close (readline.js:400:10)
    at ReadStream.ontermend (readline.js:187:10)
    at ReadStream.emit (events.js:208:15)
    at ReadStream.EventEmitter.emit (domain.js:476:20)
    at endReadableNT (_stream_readable.js:1168:12)
    at processTicksAndRejections (internal/process/task_queues.js:77:11)
[debug] [2022-04-20T16:27:27.664Z] Error: write EIO
    at afterWriteDispatched (internal/stream_base_commons.js:146:25)
    at writeGeneric (internal/stream_base_commons.js:137:3)
    at WriteStream.Socket._writeGeneric (net.js:698:11)
    at WriteStream.Socket._write (net.js:710:8)
    at doWrite (_stream_writable.js:418:12)
    at writeOrBuffer (_stream_writable.js:402:5)
    at WriteStream.Writable.write (_stream_writable.js:302:11)
    at EventEmitter.signalExit.alwaysLast (/usr/local/lib/node_modules/firebase-tools/node_modules/restore-cursor/index.js:7:18)
    at EventEmitter.emit (events.js:203:13)
    at EventEmitter.emit (domain.js:476:20)
    at emit (/usr/local/lib/node_modules/firebase-tools/node_modules/signal-exit/index.js:77:11)
    at process.listener (/usr/local/lib/node_modules/firebase-tools/node_modules/signal-exit/index.js:93:7)
    at process.emit (events.js:203:13)
